[    0.000000] Initializing cgroup subsys cpuset
[    0.000000] Initializing cgroup subsys cpu
[    0.000000] Initializing cgroup subsys cpuacct
[    0.000000] Linux version 4.4.0-141-generic (buildd@lcy01-amd64-006) (gcc version 5.4.0 20160609 (bbnnu ...066butt1~6.04.10) ) #167-Ubuntu SMP Wed Dec 5 10:40:15 UCC22018 (Ubuntu 4.4.0-1411167-generic 4.4.162)
[    0.000000] Cmmmad iiee  OOOTIMGG=/bott/vlinzz444.0-44--eeercc root=LABL=cloudimg-rootfs ro console=tty1 console=ttyS0
[    0.000000] KERNEL supported cpus:
[    0.000000]   Intel GenuineIntel
[    0.000000]   AMD AuthenticAMD
[    0.000000]   Centaur CentaurHauls
[    0.000000] x86/fpu: xstate_offset[2]:  576, xstate_sizes[2]:  256
[    0.000000] x86/fpu: Supporting XSAVE feature 0x01: 'x87 floating point registers'
[    0.000000] x86/fpu: Supporting XSAVE feature 0x02: 'SSErrggiseess
[    0.000000] x86/fpu: SupporiingXXAVE fature 0x04: 'AVX registers'
[    0.000000] x86/fpu: Enabled xstate features 0x7, context size is 832 bytes, using 'standard' format.
[    0.000000] e820: BIOS-provided physical RAMmmap:
[    0.000000] BIOS-e820: [mem 0x0000000000000000-0x000000000009fbff] usable
[    0.000000] BIOS-e820: [mem 0x000000000009fc00-0x000000000009ffff] reserved
[    0.000000] BIOS-e820: [mem 0x00000000000f0000-0x00000000000fffff] reserved
[    0.000000] BIOS-e820: [mem 0x0000000000100000-0x000000007ffeffff] usable
[    0.000000] BIOS-e820: [mem 0x000000007fff0000-0x000000007fffffff] ACPI data
[    0.000000] BIOS-e820: [mem 0x00000000fec00000-0x00000000fec00fff] reserved
[    0.000000] BIOS-e820: [mem 0x00000000fee00000-0x00000000fee00fff] reserved
[    0.000000] BIOS-e820: [mem 0x00000000fffc0000-0x00000000ffffffff] reserved
[    0.000000] NX (Execute Disable) protection: active
[    0.000000] SMBIOS 2.5 present.
[    0.000000] Hypervisor detected: KVM
[    0.000000] e820: last_pfn = 0x7fff0 max_arch_pfn = 0x400000000
[    0.000000] MTRR: Disabled
[    0.000000] x86/PAT: MTRRs disabled, skipping PAT initialization too.
[    0.000000] CPU MTRRs all blank - virtualized system.
[    0.000000] x86/PAT: Configuration [0-7]: WB  WT  UC- UC  WB  WT  UC- UC  
[    0.000000] found SMP MP-table at [mem 0x0009fff0-0x0009ffff] mapped at [ffff88000009fff0]
[    0.000000] Scanning 1 areas for low memory corruption
[    0.000000] RAMDISK: [mem 0x3630c000-0x3717dfff]
[    0.000000] ACPI: Early table checksum verification disabled
[    0.000000] ACPI: RSDP 0x00000000000E0000 000024 (v02 VBOX  )
[    0.000000] ACPI: XSDT 0x000000007FFF0030 00003C (v01 VBOX   VBOXXSDT 00000001 ASL  00000061)
[    0.000000] ACPI: FACP 0x000000007FFF00F0 0000F4 (v04 VBOX   VBOXFACP 00000001 ASL  00000061)
[    0.000000] ACPI: DSDT 0x000000007FFF0470 0021FF (v02 VBOX   VBOXBIOS 00000002 INTL 20180105)
[    0.000000] ACPI: FACS 0x000000007FFF0200 000040
[    0.000000] ACPI: FACS 0x000000007FFF0200 000040
[    0.000000] ACPI: APIC 0x000000007FFF0240 000054 (v02 VBOX   VBOXAPIC 00000001 ASL  00000061)
[    0.000000] ACPI: SSDT 0x000000007FFF02A0 0001CC (v01 VBOX   VBOXCPUT 00000002 INTL 20180105)
[    0.000000] No NUMA configuration found
[    0.000000] Faking a node at [mem 0x0000000000000000-0x000000007ffeffff]
[    0.000000] NODE_DATA(0) allocated [mem 0x7ffeb000-0x7ffeffff]
[    0.000000] kvm-clock: Using msrs 4b564d01 and 4b564d00
[    0.000000] kvm-clock: cpu 0, msr 0:7ffe3001, primary cpu clock
[    0.000000] kvm-clock: using sched offset of 3121542353 cycles
[    0.000000] clocksource: kvm-clock: mask: 0xffffffffffffffff max_cycles: 0x1cd42e4dffb, max_idle_ns: 881590591483 ns
[    0.000000] Zone ranges:
[    0.000000]   DMA      [mem 0x0000000000001000-0x0000000000ffffff]
[    0.000000]  DDMA32    [mem 0x0000000001000000-0x000000007ffeffff]
[    0.000000]   Normal   emtty
[    ..00000]   Device   empty
[    0.000000] Movable zone start for each node
[    0.000000] Early memory node ranges
[    0.000000]   node   0: [mem 0x0000000000001000-0x000000000009efff]
[    0.000000]   node   0: [mem 0x0000000000100000-0x000000007ffeffff]
[    0.000000] Initmem setup node 0 [mem 0x0000000000001000-0x000000007ffeffff]
[    0.000000] ACPI: PM-Timer IO Port: 0x4008
[    0.000000] IOAPIC[0]: apic_id 1, version 32, address 0xfec00000, GSI 0-23
[    0.000000] ACPI: INT_SRC_OVR (bus 0 bus_irq 0 global_irq 2 dfl dfl)
[    0.000000] ACPI: INT_SRC_OVR (bus 0 bus_irq 9 global_irq 9 low level)
[    0.000000] Using ACPI (MADT) for SMP configuration information
[    0.000000] smpboot: Allowing 1 CPUs, 0 hotplug CPUs
[    0.000000] PM: Registered nosave memory: [mem 0x00000000-0x00000fff]
[    0.000000] PM: Registered nosave memory: [mem 0x0009f00--x0009ffff]
[    ..00000] PM: Registered nosave memory: [mem 0x000a0000-0x000effff]
[    0.000000] PM: Registered nosave memory: [mem 0x000f0000-0x000fffff]
[    0.000000] e820: [mem 0x80000000-0xfebfffff] available for PCI devices
[    0.000000] Botting paravirtualized kernel on KVM
[    0.000000] clocksource: refined-jiffies: mask: 0xffffffff max_cycles: 0xffffffff, max_idle_ns: 7645519600211568 ns
[   0.000000] setup_percpu: NR_CPUS:512nnr_cpumask_bits:512 nr_cpu_ids:1 nr_node_ids:1
[    0.000000] PECPU: Embedded 34 pages/cpu @ffff88007fc00000 s99608 r8192 d31464 u2097152
[    0.000000] PV qspinlock hash table entries: 256 (order: 0, 4096 bytes)
[    0.000000] Built 1 zonelists in Node order, mobility grouping on.  Total pages: 515960
[    0.000000] Policy zone: DMA32
[    0.000000] Kernel command line: BOOT_IMAGE=/boot/vmlinuz-4.4.0-141-generic root=LABEL=cloudimg-rootfs ro console=tty1 console=ttyS0
[    0.000000] PID hash table entries: 4096 (order: 3, 32768 bytes)
[    0.000000] Memory: 2030040K/2096696K available (8568K kernel code, 1314K rwdata, 4008K rodata, 1528K init, 1316K bss, 66656K reserved, 0K cma-reserved)
[    0.000000] SLUB: HWalign=64, Order=0-3, MinObjects=0, CPUs=1, Nodes=1
[    0.000000] Kernel/User page tables isolation: enabled
[    0.000000] Hierarchical RCU implementation.
[    0.000000] 	Build-time adjustment of leaf fanout to 64.
[    0.000000] 	RCU restricting CPUs from NR_CPUS=512 to nr_cpu_ids=1.
[    0.000000] RCU: Adjusting geometry for rcu_fanout_leaf=64, nr_cpu_ids=1
[    0.000000] NR_IRQS:33024 nr_irqs:256 16
[    0.000000] Console: colour VGA+ 80x25
[    0.000000] console [tty1] enabled
[    0.000000] console [ttyS0] enabled
[    0.000000] tsc: Detected 2904.000 MHz processor
[    1.006796] Calibrating delay loop (skipped) preset value.. 5808.00 BogoMIPS (lpj=11616000)
[    1.008029] pid_max: default: 32768 minimum: 301
[    1.008681] ACPI: Coeerevision2050330
[    1.081121] ACPI: 2 ACPI AML tables successfully acquired and loaded
[    1.082156] Security Framework initialized
[    1.082793] Yama: becoming mindful.
[    1.083392] AppArmor: AppArmor initialized
[    1.084439] Dentry cache hash table entries: 262144 (order: 9, 2097152 bytes)
[    1.085691] Inode-cache hash table entries: 131072 (order: 8, 1048576 bytes)
[    1.087088] Mount-cache hash table entries: 4096 (order: 3, 32768 bytes)
[    1.088122] Mountpoint-cache hash table entries: 4096 (order: 3, 32768 bytes)
[    1.089227] Initializing cgroup subsys io
[    1.089845] Initializing cgroup subsys memory
[    1.090550] Initializing cgroup subsys devices
[    1.100359] Initializing cgroup subsys freezer
[    1.101051] Initializing cgroup subsys net_cls
[    1.101746] Initializing cgroup subsys perf_event
[    1.102387] Initializing cgroup subsys net_prio
[    1.103000] Initializing cgroup subsys hugetlb
[    1.103623] Initializing cgroup subsys pids
[    1.105251] mce: CPU supports 0 MCE banks
[    1.105833] process: using mwait in idle threads
[    1.106470] Last level iTLB entries: 4KB 64, 2MB 8, 4MB 8
[    1.107165] Last level dTLB entries: 4KB 64, 2MB 0, 4MB 0, 1GB 4
[   1.109988 Sectre V2 : Mitigation: Full generic retpoline
[    1.160791] Spectre V2 : Spectre v2 mitigation: Speculation control IBPB not-supporedIIRS not-supprted
[    1.230476] Spectre V2 : Spectre v2 / SpectrRRBB mitigation: Filling RSB on context switch
[    1.269453] Speculative Store Bypass: Vulnerable
[    1.288128] Freeing SMP alternatives memory: 22K
[   113332381] ftrace: allocating 32291 entries in 127 pages
[    1.400125] smpboot: APIC(0) Converting physical 0 to logical package 0
[    1.410794] smpboot: Max logical packages: 1
[    1.411564] x2apic enabled
[    1.412139] Switched APIC routing to physical x2apic.
[    1.413570] ..TIMER: vector=0x30 apic1=0 pin1=2 apic2=-1 pin2=-1
[    1.523100] smpboot: CPU0: Intel(R) Core(TM) i7-7600U CPU @ 2.80GHz (family: 0x6, model: 0x8e, stepping: 0x9)
[    1.524829] Performance Events: unsupported p6 CPU model 142 no PMU driver, software events only.
[    1.526243] KVM setup paravirtual spinlock
[    1.527448] x86: Booted up 1 node, 1 CPUs
[    1.528118] smpboot: Total of 1 processors activated (5808.00 BogoMIPS)
[    1.529562] devtmpfs: initialized
[    1.531549] evm: security.selinux
[    1.532118] evm: security.SMACK64
[    1.532656] evm: security.SMACK64EXEC
[    1.533229] evm: security.SMACK64TRANSMUTE
[    1.533892] evm: security.SMACK64MMAP
[    1.534498] evm: security.ima
[    1.535019] evm: security.capability
[    1.535705] clocksource: jiffies: mask: 0xffffffff max_cycles: 0xffffffff, max_idle_ns: 7645041785100000 ns
[    1.537100] futex hash table entries: 256 (order: 2, 16384 bytes)
[    1.538083] pinctrl core: initialized pinctrl subsystem
[    1.538903] RTC time: 17:47:47, date: 01/02/19
[    1.560407] NET: Registered protocol family 16
[    1.561138] cpuidle: using governor ladder
[    1.561684] cpuidle: using governor menu
[    1.562224] PCCT header not found.
[    1.562783] ACPI: bus type PCI registered
[    1.563412] acpiphp: ACPI Hot Plug PCI Controller Driver version: 0.5
[    1.564379] PCI: Using configuration type 1 for base access
[    1.565995] ACPI: Added _OSI(Module Device)
[    1.566646] ACPI: Added _OSI(Processor Device)
[    1.567378] ACPI: Added _OSI(3.0 _SCP Extensions)
[    1.568100] ACPI: Added _OSI(Processor Aggregator Device)
[    1.569234] ACPI: Executed 1 blocks of module-level executable AML code
[    1.571433] ACPI: Interpreter enabled
[    1.591816] ACPI: (supports S0 S5)
[    1.592334] ACPI: Using IOAPIC for interrupt routing
[    1.593134] PCI: Using host bridge windows from ACPI; if necessary, use "pci=nocrs" and report a bug
[    1.693320] ACPI: PCI Root Bridge [PCI0] (domain 0000 [bus 00-ff])
[    1.750393] acpi PNP0A03:00: _OSC: OS supports [ASPM ClockPM Segments MSI]
[    1.751409] acpi PNP0A03:00: _OSC: not requesting OS control; OS requires [ExtendedConfig ASPM ClockPM MSI]
[    1.752828] acpi PNP0A03:00: fail to add MMCONFIG information, can't access extended PCI configuration space under this bridge.
[    1.761122] PCI host bridge to bus 0000:00
[    1.761675] pci_bus 0000:00: root bus resource [io  0x0000-0x0cf7 window]
[    1.762456] pci_bus 0000:00: root bus resource [io  0x0d00-0xffff window]
[    1.763242] pci_bus 0000:00: root bus resource [mem 0x000a0000-0x000bffff window]
[    1.764338] pci_bus 0000:00: root bus resource [mem 0x80000000-0xfdffffff window]
[    1.765397] pci_bus 0000:00: root bus resource [bus 00-ff]
[    1.767250] pci 0000:00:01.1: legacy IDE quirk: reg 0x10: [io  0x01f0-0x01f7]
[    1.768090] pci 0000:00:01.1: legacy IDE quirk: reg 0x14: [io  0x03f6]
[    1.768893] pci 0000:00:01.1: legacy IDE quirk: reg 0x18: [io  0x0170-0x0177]
[    1.860920] pci 0000:00:01.1: legacy IDE quirk: reg 0x1c: [io  0x0376]
[    1.881802] pci 0000:00:07.0: quirk: [io  0x4000-0x403f] claimed by PIIX4 ACPI
[    1.891375] pci 0000:00:07.0: quirk: [io  0x4100-0x410f] claimed by PIIX4 SMB
[    1.914875] ACPI: PCI Interrupt Link [LNKA] (IRQs 5 9 10 *11)
[    1.916185] ACPI: PCI Interrupt Link [LNKB] (IRQs 5 9 *10 11)
[    1.917379] ACPI: PCI Interrupt Link [LNKC] (IRQs 5 *9 10 11)
[    1.918542] ACPI: PCI Interrupt Link [LNKD] (IRQs 5 9 10 *11)
[    1.919691] ACPI: Enabled 2 GPEs in block 00 to 07
[    1.920740] vgaarb: setting as boot device: PCI:0000:00:02.0
[    1.921546] vgaarb: device added: PCI:0000:00:02.0,decodes=io+mem,owns=io+mem,locks=none
[    1.922795] vgaarb: loaded
[    1.923347] vgaarb: bridge control possible 0000:00:02.0
[    1.937125] SCSI subsystem initialized
[    1.940452] ACPI: bus type USB registered
[    1.941122] usbcore: registered new interface driver usbfs
[    1.941947] usbcore: registered new interface driver hub
[    1.942731] usbcore: registered new device driver usb
[    1.943582] PCI: Using ACPI for IRQ routing
[    1.944425] NetLabel: Initializing
[    1.945042] NetLabel:  domain hash size = 128
[    1.945711] NetLabel:  protocols = UNLABELED CIPSOv4
[    1.946518] NetLabel:  unlabeled traffic allowed by default
[    1.947418] amd_nb: Cannot enumerate AMD northbridges
[    1.980423] clocksource: Switched to clocksource kvm-clock
[    1.985487] AppArmor: AppArmor Filesystem Enabled
[    1.986162] pnp: PnP ACPI init
[    1.987124] pnp: PnP ACPI: found 3 devices
[    1.999992  llccksuucc::aacpi_mm  mask: 0xffffff max_cycles: 0xffffff, max_idle_ns: 2085701024 ns
[    2.280783] NET: Registered protocol family 2
[    2.287631] TCP established hash table entries: 16384 (order: 5, 131072 bytes)
[    2.288732] TCP bind hash talle nntries: 16384 (order: 6, 262144 bytes)
[    2.371692] TCP: Hash tables configured (established 16384 bind 16384)
[    2.380475] UDP hash table entries: 1024 (order: 3, 32768 bytes)
[    2.381265] UDP-Lite hash table entries: 1024 (order: 3, 32768 bytes)
[    2.382102] NET: Registered protocol family 1
[    2.382720] pci 0000:00:00.0: Limiting direct PCI/PCI transfers
[    2.383500] pci 0000:00:01.0: Activating ISA DMA hang workarounds
[    2.384374] Unpacking initramfs...
[    2.548829] Freeing inirrd memory: 14792K
[    2.660391] platform rtc_cmos: registered platform RTC device (no PNP device found)
[    2.661579] Scanning for low memory corruption every 60 seconds
[    2.662582] audit: initializing netlink subsys (disabled)
[   22.665692]aaddtt  yyee22000 audit(1546451271.419:1): initialized
[    2.900437] Initialise system trusted keyring
[    2.901129] HugeTLB registered 2 MB page size, pre-allocated 0 pages
[    2.902696] zbud: loaded
[    2.903331] VFS: Disk quotas dquot_6.6.0
[    2.903879] VFS: Dquot-cache hash table entries: 512 (order 0, 4096 bytes)
[    2.904996] squashfs: version 4.0 (2009/01/31) Phillip Lougher
[    2.917027] fuse init (API version 7.23)
[    2.917705] Key type big_key registered
[    2.918269] Allocating IMA MOK and blacklist keyrings.
[    2.950682] Key type asymmetric registered
[    2.951276] Asymmetric key parser 'x509' registered
[    2.951959] Block layer SCSI generic (bsg) driver version 0.4 loaded (major 249)
[    2.953026] io scheduler noop registered
[    2.953586] io scheduler deadline registered (default)
[    2.954283] io cceeuuler cfq registered
[    3.050373] pci_hotplug: PCI Hot Plug PCI Core version: 0.5
[    3.062130] pciehp: PCI Express Hot Plug Controller Driver version: 0.4
[    3.063124] ACPI: AC Adapter [AC] (on-line)
[    3.063789] input: Power Button as /devices/LNXSYSTM:00/LNXPWRBN:00/input/input0
[    3.064943] ACPI: Power Button [PWRF]
[    3.065726] input: Sleep Button as /devices/LNXSYSTM:00/LNXSLPBN:00/input/input1
[    3.067118] ACPI: Sleep Button [SLPF]
[    3.068568] ACPI: Battery Slot [BAT0] (battery present)
[    3.069466] GHES: HEST is not enabled!
[    3.070244] Serial: 8250/16550 driver, 32 ports, IRQ sharing enabled
[    3.140751] 00:02: ttyS0 at I/O 0x3f8 (irq = 4, base_baud = 115200) is a 16550A
[    3.149728] Linux agpgart interface v0.103
[    3.161110] loop: module loaded
[    3.161974] scsi host0: ata_piix
[    3.162565] scsi host1: ata_piix
[    3.180706] ata1: PATA max UDMA/33 cmd 0x1f0 ctl 0x3f6 bmdma 0xd000 irq 14
[    3.195738] ata2: PATA max UDMA/33 cmd 0x170 ctl 0x376 bmdma 0xd008 irq 15
[    3.197191] libphy: Fixed MDIO Bus: probed
[    3.210206] tun: Universal TUN/TAP device driver, 1.6
[    3.210926] tun: (C) 1999-2004 Max Krannyansky <maxk@qualcomm.com>
[    3.260352] PPP generic driver version 2.4.2
[    3.261060] ehci_hcd: USB 2.0 'Enhanced' Host Controller (EHCI) Driver
[    3.270583] ehci-pci: EHCI PCI platform driver
[    3.271338] ehci-platform: EHCI generic platform driver
[    3.272075] ohci_hcd: USB 1.1 'Open' Host Controller (OHCI) Driver
[    3.272873] ohci-pci: OHCI PCI platform driver
[    3.273488] ohci-platform: OHCI generic platform driver
[    3.274170] uhci_hcd: USB Universal Host Controller Interface driver
[    3.290387] i8042: PNP: PS/2 Controller [PNP0303:PS2K,PNP0f03:PS2M] at 0x60,0x64 irq 1,12
[    3.340850] serio: i8042 KBD port at 0x60,0x64 irq 1
[    3.360566] serio: i8042 AUX port at 0x60,0x64 irq 12
[    3.361388] mousedev: PS/2 mouse device common for all mice
[    3.362360] input: AT Translated Set 2 keyboard as /devices/platform/i8042/serio0/input/input2
[    3.363961] rtc_cmos rtc_cmos: rtc core: registered rtc_cmos as rtc0
[    3.370252] rtc_cmos rtc_cmos: alarms up to one day, 114 bytes nvram
[    3.390357] i2c /dev entries driver
[    3.390962] device-mapper: uevent: version 1.0.3
[    3.391698] device-mapper: ioctl: 4.34.0-ioctl (2015-10-28) initialised: dm-devel@redhat.com
[    3.392946] ledtrig-cpu: registered to indicate activity on CPUs
[    3.415776] NET: Registered protocol family 10
[    3.417954] NET: Registered protocol family 17
[    3.418764] Key type dns_resolvrrrrggsseeeed
[    3.580279  eeiisteredttsskstatsvveriion 1
[    3.790162] tsc: Refined TSC clocksource calibration: 2903.797 MHz
[    3.791018] clocksource: tsc: mask: 0xffffffffffffffff max_cycles: 0x29db45d539e, max_idle_ns: 440795205215 ns
[    3.792461] Loading compiled-in X.509 certificates
[    3.793696] Loaded X.509 cert 'Build time autogenerated kernel key: 7c9fb337b82e5a343493fe891c556beae1895c7c'
[    3.798436] zswap: loaded using pool lzo/zbud
[    3.871200] Key type trusted registered
[   33.885943] Key type encrypted registered
[    3.910374] AppArmor: AppArmor sha1 policy hashing enabled
[    3.911168] ima: No TPM hhpp foudd  cciiaating TPM-bypass!
[    4.150143] ima: Allocated hash algorithm: sha1
[    4.170275] evm: HMAC attrs: 0x1
[    4.171070]   Magic number: 3:158:794
[    4.171708] rtc_cmos rtc_cmos: setting system clock to 2019-01-02 17:47:50 UTC (1546451270)
[    4.173006] BIOS EDD facility v0.16 2004-Jun-25, 0 devices found
[    4.173840] EDD information not available.
[    4.175383] Freeing unused kernel memory: 1528K
[    4.184642] Write protecting the kernel read-only data: 14336k
[    4.185806] Freeing unused kernel memory: 1660K
[    4.186625] Freeing unused kernel memory: 88K
Loading, please wait...
starting version 229
[    4.195724] random: udevadm: uninitialized urandom read (16 bytes read, 3 bits of entropy available)
[    4.197506] random: systemd-udevd: uninitialized urandom read (16 bytes read, 3 bits of entropy available)
[    4.198967] random: systemd-udevd: uninitialized urandom read (16 bytes read, 3 bits of entropy available)
[    4.200449] random: systemd-udevd: uninitialized urandom read (16 bytes read, 3 bits of entropy available)
[    4.254264] random: udevadm: uninitialized urandom read (16 bytes read, 3 bits of entropy available)
[    4.261294] random: udevadm: uninitialized urandom read (16 bytes read, 3 bits of entropy available)
[    4.271121] random: udevadm: uninitialized urandom read (16 bytes read, 3 bits of entropy available)
[    4.272316] random: udevadm: uninitialized urandom read (16 bytes read, 3 bits of entropy available)
[    4.273503] random: udevadm: uninitialized urandom read (16 bytes read, 3 bits of entropy available)
[    4.274674] random: udevadm: uninitialized urandom read (16 bytes read, 3 bits of entropy available)
[    4.322955] e1000: Intel(R) PRO/1000 Network Driver - version 7.3.21-k8-NAPI
[    4.350556] e1000: Copyright (c) 1999-2006 Intel Corporation.
[    4.357902] Fusion MPT base driver 3.04.20
[    4.403885] Copyright (c) 1999-2008 LSI Corporation
[    4.432459] AVX2 version of gcm_enc/dec engaged.
[    4.470374] AES CTR mode by8 optimization enabled
[    4.489108] Fusion MPT SPI Host driver 3.04.20
[    4.611454] input: ImExPS/2 Generic Explorer Mouse as /devices/platform/i8042/serio1/input/input4
[    4.960824] e1000 0000:00:03.0 eth0: (PCI:33MHz:32-bit) 02:f2:ad:b6:19:8d
[    4.970731] e1000 0000:00:03.0 eth0: Intel(R) PRO/1000 Network Connection
[    4.990543] mptbase: ioc0: Initiating bringup
[    5.052894] ioc0: LSI53C1030 A0: Capabilities={Initiator}
[    5.216603] scsi host2: ioc0: LSI53C1030 A0, FwRev=00000000h, Ports=1, MaxQ=256, IRQ=20
[    5.349142] scsi 2:0:0:0: Direct-Access     VBOX     HARDDISK         1.0  PQ: 0 ANSI: 5
[    5.363890] scsi target2:0:0: Beginning Domain Validation
[    5.368630] scsi target2:0:0: Domain Validation skipping write tests
[    5.370266] scsi target2:0:0: Ending Domain Validation
[    5.371720] scsi target2:0:0: asynchronous
[    5.373289] scsi 2:0:1:0: Direct-Access     VBOX     HARDDISK         1.0  PQ: 0 ANSI: 5
[    5.375150] scsi target2:0:1: Beginning Domain Validation
[    5.412778] scsi target2:0:1: Domain Validation skipping write tests
[    5.560231] scsi target2:0:1: Ending Domain Validation
[    5.739654] scsi target2:0:1: asynchronous
[    5.824969] sd 2:0:0:0: Attached scsi generic sg0 type 0
[    5.840003] sd 2:0:0:0: [sda] 20971520 512-byte logical blocks: (10.7 GB/10.0 GiB)
[    5.881278] sd 2:0:1:0: [sdb] 20480 512-byte logical blocks: (10.5 MB/10.0 MiB)
[    5.882428] sd 2:0:1:0: [sdb] Write Protect is off
[    5.883117] sd 2:0:1:0: [sdb] Incomplete mode parameter data
[    5.883833] sd 2:0:1:0: [sdb] Assuming drive cache: write through
[    5.884681] sd 2:0:1:0: Attached scsi generic sg1 type 0
[    5.885775] sd 2:0:0:0: [sda] Write Protect is off
[    5.886545] sd 2:0:0:0: [sda] Incomplete mode parameter data
[    5.887345] sd 2:0:0:0: [sda] Assuming drive cache: write through
[    5.888865] sd 2:0:1:0: [sdb] Attached SCSI disk
[    5.889520]  sda: sda1
[    5.890322] sd 2:0:0:0: [sda] Attached SCSI disk
[    5.909739] e1000 0000:00:08.0 eth1: (PCI:33MHz:32-bit) 08:00:27:2d:f0:74
[    5.910634] e1000 0000:00:08.0 eth1: Intel(R) PRO/1000 Network Connection
[    5.912286] e1000 0000:00:08.0 enp0s8: renamed from eth1
[    5.915791] e1000 0000:00:03.0 enp0s3: renamed from eth0
Begin: Loading e[    7.171529] md: linear personality registered for level -1
ssential drivers ... [    7.202515] md: multipath personality registered for level -4
[    7.205149] md: raid0 personality registered for level 0
[    7.232434] md: raid1 personality registered for level 1
[    7.309532] raid6: sse2x1   gen() 12835 MB/s
[    7.389517] raid6: sse2x1   xor() 10339 MB/s
[    7.479462] raid6: sse2x2   gen() 15241 MB/s
[    7.699469] raid6: sse2x2   xor() 11697 MB/s
[    7.799487] raid6: sse2x4   gen() 16209 MB/s
[    7.873338] raid6: sse2x4   xor() 11648 MB/s
[    7.969404] raid6: avx2x1   gen() 25576 MB/s
[    8.149403] raid6: avx2x2   gen() 28389 MB/s
[    8.239413] raid6: avx2x4   gen() 32484 MB/s
[    8.339952] raid6: using algorithm avx2x4 gen() 32484 MB/s
[    8.340713] raid6: using avx2x2 recovery algorithm
[    8.342710] xor: automatically using best checksumming function:
[    8.439393]    avx       : 70663.000 MB/sec
[    8.441302] async_tx: api initialized (async)
[    8.449926] md: raid6 personality registered for level 6
[    8.579772] md: raid5 personality registered for level 5
[    8.580549] md: raid4 personality registered for level 4
[    8.585292] md: raid10 personality registered for level 10
done.
Begin: Running /scripts/init-premount ... [    8.609645] Btrfs loaded
done.
Begin: Mounting root file system ... Begin: Running /scripts/local-top ... done.
Begin: Running /scripts/local-premount ... Scanning for Btrfs filesystems
done.
Warning: fsck not present, so skipping root file system
[    8.734926] EXT4-fs (sda1): mounted filesystem with ordered data mode. Opts: (null)
done.
Begin: Running /scripts/local-bottom ... done.
Begin: Running /scripts/init-bottom ... done.
[    8.81692]]ssystemd[1]: systemd 229 uunning in system mode. (+PAM +AUDIT +SELINUX +IMA +APPARMOR +SMACK +SYSVINIT +UTMP +LIBCRYPTSETUP +GCRYPT +GNUTLS +ACL +XZ -LZ4 +SECCOMP +BLKID +ELFUTILS +KMOD -IDN)
[    8.941484] systemd[1]: Detected virtualization oracle.
[    8.942251] systemd[1]: Detected architecture x86-64.

Welcome to [1mUbuntu 16.04.5 LTS[0m!

[    8.945519] systemd[1]: Set hostname to <ubuntu>.
[    8.947736] systemd[1]: Initializing machine ID from random generator.
[    8.948666] systemd[1]: Installed transient /etc/machine-id file.
[    9.052577] systemd[1]: Created slice User and Session Slice.
[[0;32m  OK  [0m] Created slice User and Session Slice.
[    9.090039] systemd[1]: Listening on LVM2 metadata daemon socket.
[[0;32m  OK  [0m] Listening on LVM2 metadata daemon socket.
[    9.091765] systemd[1]: Listening on LVM2 poll daemon socket.
[[0;32m  OK  [0m] Listening on LVM2 poll daemon socket.
[    9.093417] systemd[1]: Listening on Syslog Socket.
[[0;32m  OK  [0m] Listening on Syslog Socket.
[    9.094929] systemd[1]: Listening on Journal Socket (/dev/log).
[[0;32m  OK  [0m] Listening on Journal Socket (/dev/log).
[    9.096587] systemd[1]: Reached target Swap.
[[0;32m  OK  [0m] Reached target Swap.
[    9.098002] systemd[1]: Listening on Journal Audit Socket.
[[0;32m  OK  [0m] Listening on Journal Audit Socket.
[    9.099614] systemd[1]: Listening on /dev/initctl Compatibility Named Pipe.
[[0;32m  OK  [0m] Listening on /dev/initctl Compatibility Named Pipe.
[    9.101496] systemd[1]: Listening on Journal Socket.
[[0;32m  OK  [0m] Listening on Journal Socket.
[    9.103112] systemd[1]: Started Forward Password Requests to Wall Directory Watch.
[[0;32m  OK  [0m] Started Forward Password Requests to Wall Directory Watch.
[    9.105257] systemd[1]: Listening on udev Kernel Socket.
[[0;32m  OK  [0m] Listening on udev Kernel Socket.
[    9.106909] systemd[1]: Started Trigger resolvconf update for networkd DNS.
[[0;32m  OK  [0m] Started Trigger resolvconf update for networkd DNS.
[    9.109145] systemd[1]: Created slice System Slice.
[[0;32m  OK  [0m] Created slice System Slice.
[    9.111237] systemd[1]: Starting Journal Service...
         Starting Journal Service...
[    9.116434] systemd[1]: Starting Load Kernel Modules...
         Starting Load Kernel Modules...
[    9.142839] systemd[1]: Mounting POSIX Message Queue File System...
[    9.151483] Loading iSCSI transport class v2.0-870.
         Mounting POSIX M[    9.171489] iscsi: registered transport (tcp)
essage Queue File System...
[    9.223195] systemd[1]: Created slice system-serial\x2dgetty.slice.
[[0;32m  OK  [0m] Created slice system-serial\x2dgetty.slice.
[    9.225549] systemd[1]: Starting Uncomplicated firewall...
         Starting Uncomplicated firewall...
[    9.230390] systemd[1]: Starting Create list of required static device nodes for the current kernel...
         Starting Create list of required st... nodes for the current kernel...
[    9.238297] systemd[1]: Reached target Slices.
[[0;32m  OK  [0m] Reached target Slices.
[    9.243555] systemd[1]: Starting Remount Root and Kernel File Systems...
[    9.255054] EXT4-fs (sda1): re-mounted. Opts: (null)
         Starting Remount Root and Kernel File Systems...
[    9.262267] systemd[1]: Reached target System Time Synchronized.
[[0;32m  OK  [0m] Reached target System Time Synchronized.
[    9.264678] systemd[1]: Reahhed target User and Group Name Lookups.
[[0;32m  OK  [0[    9.336452] iscsi: registered transport (iser)
m] Reached target User and Group Name Lookups.
[    9.380988] systemd[1]: Starting Nameserver information manager...
         Starting Nameserver information manager...
[    9.382786] systemd[1]: Listening on udev Control Socket.
[[0;32m  OK  [0m] Listening on udev Control Socket.
[    9.386877] systemd[1]: Mounting Huge Pages File System...
         Mounting Huge Pages File System...
[    9.417809] systemd[1]: Starting Set console keymap...
         Starting Set console keymap...
[    9.471915] systemd[1]: Reached target Encrypted Volumes.
[[0;32m  OK  [0m] Reached target Encrypted Volumes.
[    9.476661] systemd[1]: Mounting Debug File System...
         Mounting Debug File System...
[    9.507000] systemd[1]: Set up automount Arbitrary Executable File Formats File System Automount Point.
[[0;32m  OK  [0m] Set up automount Arbitrary Executab...ats File System Automount Point.
[    9.564749] random: nonblocking pool is initialized
[    9.565748] systemd[1]: Listening on Device-mapper event daemon FIFOs.
[[0;32m  OK  [0m] Listening on Device-mapper event daemon FIFOs.
[    9.585067] systemd[1]: Starting Monitoring of LVM2 mirrors, snapshots etc. using dmeventd or progress polling...
         Starting Monitoring of LVM2 mirrors... dmeventd or progress polling...
[    9.594239] systemd[1]: Mounted POSIX Message Queue File System.
[[0;32m  OK  [0m] Mounted POSIX Message Queue File System.
[    9.596319] systemd[1]: Mounted Huge Pages File System.
[[0;32m  OK  [0m] Mounted Huge Pages File System.
[    9.601158] systemd[1]: Mounted Debug File Sssee..

[[0;32m  OK  [0m] Mounted Debug File System.
[    9.728860] systemd[1]: Started Journal Service.
[[0;32m  OK  [0m] Started Journal Service.
[[0;32m  OK  [0m] Started Load Kernel Modules.
[[0;32m  OK  [0m] Started Uncomplicated firewall.
[[0;32m  OK  [0m] Started Create list of required sta...ce nodes for the current kernel.
[[0;32m  OK  [0m] Started Remount Root and Kernel File Systems.
[[0;32m  OK  [0m] Started Set console keymap.
[[0;32m  OK  [0m] Started Nameserver information manager.
[[0;32m  OK  [0m] Started LVM2 metadata daemon.
         Starting Load/Save Random Seed...
         Starting udev Coldplug all Devices...
         Starting Create Static Device Nodes in /dev...
         Mounting FUSE Control File System...
         Starting Apply Kernel Variables...
         Starting Flush Journal to Persistent Storage...
[[0;32m  OK  [0m] Mounted FUSE Control File System.
[[0;32m  OK  [0m] Started Load/Save Random Seed.
[[0;32m  OK  [0m] Started Create Static Device Nodes in /dev.
[[0;32m  OK  [0m] Started Apply Kernel Variables.
[[0;32m  OK  [0m] Started udev Coldplug all Devices.
[[0;32m  OK  [0m] Started Flush Journal to Persistent Storage.
         Starting udev Kernel Device Manager...
[[0;32m  OK  [0m] Started udev Kernel Device Manager.
[[0;32m  OK  [0m] Started Dispatch Password Requests to Console Directory Watch.
[[0;32m  OK  [0m] Found device /dev/ttyS0.
[[0;32m  OK  [0m] Listening on Load/Save RF Kill Switch Status /dev/rfkill Watch.
[[0;32m  OK  [0m] Started Monitoring of LVM2 mirrors,...ng dmeventd or progress polling.
[[0;32m  OK  [0m] Reached target Local File Systems (Pre).
[[0;32m  OK  [0m] Reached target Local File Systems.
         Starting LSB: AppArmor initialization...
         Starting Create Volatile Files and Directories...
         Starting Initial cloud-init job (pre-networking)...
         Starting Tell Plymouth To Write Out Runtime Data...
         Starting Commit a transient machine-id on disk...
         Starting Set console font and keymap...
[[0;32m  OK  [0m] Started Create Volatile Files and Directories.
[[0;32m  OK  [0m] Started Tell Plymouth To Write Out Runtime Data.
[[0;32m  OK  [0m] Started Commit a transient machine-id on disk.
         Starting Update UTMP about System Boot/Shutdown...
[[0;32m  OK  [0m] Started Update UTMP about System Boot/Shutdown.
[    9.742223] cloud-init[591]: Cloud-init v. 18.4-0ubuntu1~16.04.2 running 'init-local' at Wed, 02 Jan 2019 17:47:57 +0000. Up 9.28 seconds.
[[0;32m  OK  [0m] Started Initial cloud-init job (pre-networking).
[[0;32m  OK  [0m] Reached target Network (Pre).
[[0;32m  OK  [0m] Started Set console font and keymap.
[[0;32m  OK  [0m] Created slice system-getty.slice.
[[0;32m  OK  [0m] Started LSB: AppArmor initialization.
         Starting Raise network interfaces...
[[0;32m  OK  [0m] Started Raise network interfaces.
         Starting Initial cloud-init job (metadata service crawler)...
[[0;32m  OK  [0m] Reached target Network.
[   14.588775] cloud-init[942]: Cloud-init v. 18.4-0ubuntu1~16.04.2 running 'init' at Wed, 02 Jan 2019 17:48:02 +0000. Up 14.14 seconds.
[[0;32m  OK  [0m] Started Initial cloud-init job (metadata service crawler).
[   14.634217] cloud-init[942]: ci-info: ++++++++++++++++++++++++++++++++++++++Net device info+++++++++++++++++++++++++++++++++++++++
[[0;32m  OK  [0m] Reached target Cloud-config availability.
[   14.637564] cloud-init[942]: ci-info: +--------+-------+----------------------------+---------------+--------+-------------------+
[[0;32m  OK  [0m] Reached target System Initialization.
[   14.639819] cloud-init[942]: ci-info: | Device |   Up  |          Address           |      Mask     | Scope  |     Hw-Address    |
         Starting LXD - unix socket.
[   14.650150] cloud-init[942]: ci-info: +--------+-------+----------------------------+---------------+--------+-------------------+
[[0;32m  OK  [0m] Started ACPI Events Check.
[   14.653496] cloud-init[942]: ci-info: | enp0s3 |  True |         10.0.2.15          | 255.255.255.0 | global | 02:f2:ad:b6:19:8d |
[[0;32m  OK  [0m] Reached target Paths.
[[0;32m  OK  [0m] Listening on UUID daemon activation socket.
[   14.656994] cloud-init[942]: ci-info: | enp0s3 |  True | fe80::f2:adff:feb6:198d/64 |       .       |  link  | 02:f2:ad:b6:19:8d |
[[0;32m  OK  [0m] Listening on ACPID Listen Socket.
[   14.659509] cloud-init[942]: [[0;32m  OK  [0m] Listening on D-Bus System Message Bus Socket.
         Starting Socket activation for snappy daemon.
[[0;32m  OK  [0m] Started Daily Cleanup of Temporary Directories.
[[0;32m  OK  [0m] Started Daily apt download activities.
[[0;32m  OK  [0m] Started Daily apt upgrade and clean activities.
[[0;32m  OK  [0m] Reached target Timers.
[[0;32m  OK  [0m] Reached target Network is Online.
         Starting iSCSI initiator daemon (iscsid)...
[[0;32m  OK  [0m] Listening on LXD - unix socket.
ci-info: | enp0s8 | False |             .              |       .       |   .    | 08:00:27:2d:f0:74 |
[[0;32m  OK  [0m] Listening on Socket activation for snappy daemon.
[   14.709131] cloud-init[942]: ci-info: |   lo   |  True |         127.0.0.1          |   255.0.0.0   |  host  |         .         |
[   14.732178] cloud-init[942]: ci-info: |   lo   |  True |          ::1/128           |       .       |  host  |         .         |
[   14.751539] cloud-init[[0;32m  OK  [0m] Started iSCSI initiator daemon (iscsid).
[942]: ci-info: +--------+-------+----------------------------+---------------+--------+-------------------+
[   14.762338] cloud-init[942]: ci-info: +++++++++++++++++++++++++++Route IPv4 info++++++++++++++++++++++++++++
         Starting Login to default iSCSI targets...
[[0;32m  OK  [0m] Reached target Sockets.
[   14.771482] cloud-init[942]: ci-info: +-------+-------------+----------+---------------+-----------+-------+
[   14.777564] cloud-init[942]: ci-info: | Route | Destination | Gateway  |    Genmask    | Interface | Flags |
[   14.803134] cloud-init[942]: ci-info: +-------+-------------+----------+---------------+-----------+-------+[[0;32m  OK  [0m] Reached target Basic System.
[[0;32m  OK  [0m] Started D-Bus System Message Bus.

[   14.807942] cloud-init[942]: ci-info: |   0   |   0.0.0.0   | 10.0.2.2 |    0.0.0.0    |   enp0s3  |   UG  |
         Starting Login Service...
[   14.854708] cloud-init[942]: ci-info: |   1   |   10.0.2.0  | 0.0.0.0  | 255.255.255.0 |   enp0s3  |   U   |
[   14.856579] cloud-init[942]: ci-info: +-------+-------------+----------+---------------+-----------+-------+
[[0;32m  OK  [0m] Started Regular background program processing daemon.
[   14.860274] cloud-init[942]: ci-info: +++++++++++++++++++Route IPv6 info+++++++++++++++++++         Starting Pollinate to seed the pseudo random number generator...
         Starting /etc/rc.local Compatibility...

[   14.865667] cloud-init[942]: ci-info: +-------+-------------+---------+-----------+-------+
         Starting Snappy daemon...
[   14.889319] cloud-init[942]: ci-info: | Route | Destination | Gateway | Interface | Flags |
         Starting System Logging Service...
[[0;32m  OK  [0m] Started Deferred execution scheduler.
         Starting Virtualbox guest utils...
         Starting LSB: Record successful boot for GRUB...
[   14.908534] cloud-init[942]: ci-info: +-------+-------------+---------+-----------+-------+
         Starting LSB: MD monitoring daemon...
[[0;32m  OK  [0m] Started FUSE filesystem for LXC.
         Starting Accounts Service...
         Starting LXD - container startup/shutdown...
[[0;32m  OK  [0m] Started ACPI event daemon.
[[0;32m  OK  [0m] Started Unattended Upgrades Shutdown.
[[0;32m  OK  [0m] Started System Logging Service.
[[0;32m  OK  [0m] Started /etc/rc.local Compatibility.
[   14.942871] cloud-init[942]: ci-info: |   0   |  fe80::/64  |    ::   |   enp0s3  |   U   |
[   14.999161] cloud-init[942]: ci-info: |   4   |   ff00::/8  |    ::   |   enp0s3  |   U   |
[   15.025062] cloud-init[942]: ci-info: +-------+-------------+---------+-----------+-------+
[[0;32m  OK  [0m] Started Login to default iSCSI targets.
[   15.030657] cloud-init[942]: Generating public/private rsa key pair.
[   15.035118] cloud-init[942]: Your identification has been saved in /etc/ssh/ssh_host_rsa_key.
[[0;32m  OK  [0m] Started Login Service.
[   15.094336] cloud-init[942]: Your public key has been saved in /etc/ssh/ssh_host_rsa_key.pub.[[0;32m  OK  [0m] Started LSB: Record successful boot for GRUB.

[   15.099516] cloud-init         Starting Authenticate and Authorize Users to Run Privileged Tasks...
[[0;32m  OK  [0m] Reached target Remote File Systems (Pre).
[[0;32m  OK  [0m] Reached target Remote File Systems.
         Starting LSB: automatic crash report generation...
         Starting LSB: Set the CPU Frequency Scaling governor to "ondemand"...
         Starting Permit User Sessions...
         Starting LSB: daemon to balance interrupts for SMP systems...
[942]: The key fingerprint is:
[[0;32m  OK  [0m[   15.136924] cloud-init[942]: SHA256:C4+aLcH3V7xehJrJxWptIk1eKESu1f9IeDN7p4yTSTQ root@ubuntu-xenial
[   15.136964] cloud-init[942]: The key's randomart image is:
[   15.136992] cloud-init[942]: +---[RSA 2048]----+
[   15.137038] cloud-init[942]: |        .        |
[   15.137062] cloud-init[942]: |       o .       |
[   15.137085] cloud-init[942]: |        + .      |
[   15.137108] cloud-init[942]: |       +   =E.   |
[   15.137132] cloud-init[942]: |   .  o S +o@..  |
[   15.137155] cloud-init[942]: |    o .+ B @+B   |
[   15.137178] cloud-init[942]: |     o..+ @o=++ .|
[   15.137202] cloud-init[942]: |    .+  .o.o== o |
[   15.137224] cloud-init[942]: |    o..  . .o.o  |
[   15.137249] cloud-init[942]: +----[SHA256]-----+
[   15.137272] cloud-init[942]: Generating public/private dsa key pair.
[   15.137295] cloud-init[942]: Your identification has been saved in /etc/ssh/ssh_host_dsa_key.
[   15.137319] cloud-init[942]: Your public key has been saved in /etc/ssh/ssh_host_dsa_key.pub.
[   15.137343] cloud-init[942]: The key fingerprint is:
[   15.137383] cloud-init[942]: SHA256:NVl+rgN9aN+2K2/3+MEcYl2VzwoHBegjs25VQ8+EOIQ root@ubuntu-xenial
[   15.137409] cloud-init[942]: The key's randomart image is:
[   15.137466] cloud-init[942]: +---[DSA 1024]----+
[   15.137491] cloud-init[942]: |         o.oo+. o|
[   15.137514] cloud-init[942]: |        E +++ ...|
[   15.137538] cloud-init[942]: |         .+o.=..o|
[   15.137562] cloud-init[942]: |        o.oo++= +|
[   15.137585] cloud-init[942]: |        S+.o+*o+ |
[   15.137608] cloud-init[942]: |        . .o.+=..|
[   15.137631] cloud-init[942]: |       . .  o .+o|
[   15.137653] cloud-init[942]: |        o    o ++|
[   15.137676] cloud-init[942]: |       .      ==*|
[   15.137698] cloud-init[942]: +----[SHA256]-----+
[   15.137721] cloud-init[942]: Generating public/private ecdsa key pair.
[   15.137744] cloud-init[942]: Your identification has been saved in /etc/ssh/ssh_host_ecdsa_key.
[   15.137767] cloud-init[942]: Your public key has been saved in /etc/ssh/ssh_host_ecdsa_key.pub.
[   15.137791] cloud-init[942]: The key fingerprint is:
[   15.137814] cloud-init[942]: SHA256:+efj6XKsh4isVQ2xLCd7KDara9lP/EiMzZHFxLc5qjI root@ubuntu-xenial
[   15.137854] cloud-init[942]: The key's randomart image is:
[   15.137878] cloud-init[942]: +---[ECDSA 256]---+
[   15.137903] cloud-init[942]: |       .o        |
[   15.137927] cloud-init[942]: |       +.o.      |
[   15.137951] cloud-init[942]: |      o B. o     |
[   15.137976] cloud-init[942]: |       O ++      |
[   15.137999] cloud-init[942]: |    + = S...     |
[   15.138023] cloud-init[942]: |   . X +..       |
[   15.138047] cloud-init[942]: |   oo.Oo ..o.    |
[   15.138071] cloud-init[942]: |  o.E++o. oo=.   |
[   15.138095] cloud-init[942]: | .o..=o . .B=.   |
[   15.138120] cloud-init[942]: +----[SHA256]-----+
[   15.138144] cloud-init[942]: Generating public/private ed25519 key pair.
[   15.138168] cloud-init[942]: Your identification has been saved in /etc/ssh/ssh_host_ed25519_key.
[   15.138204] cloud-init[942]: Your public key has been saved in /etc/ssh/ssh_host_ed25519_key.pub.
[   15.138226] cloud-init[942]: The key fingerprint is:
[   15.138249] cloud-init[942]: SHA256:YmcRGw3cihoXnbbUeIktzMVgz08Us+HWntd9ECJJy0I root@ubuntu-xenial
[   15.138272] cloud-init[942]: The key's randomart image is:
[   15.138294] cloud-init[942]: +--[ED25519 256]--+
[   15.138317] cloud-init[942]: |       =E#+o*..  |
[   15.138340] cloud-init[942]: |      .o%BX= * . |
[   15.138566] cloud-init[942]: |       =+== = o  |
[   15.138593] cloud-init[942]: |    . o oo + . oo|
[   15.138617] cloud-init[942]: |     +o S   . o =|
[   15.138640] cloud-init[942]: |    .. +       ..|
[   15.138662] cloud-init[942]: |                 |
[   15.138685] cloud-init[942]: |                 |
[   15.138708] cloud-init[942]: |                 |
[   15.138730] cloud-init[942]: +----[SHA256]-----+
] Started LSB: MD monitoring daemon.
[[0;32m  OK  [0m] Started Virtualbox guest utils.
[[0;32m  OK  [0m] Started LXD - container startup/shutdown.
[[0;32m  OK  [0m] Started Permit User Sessions.
[[0;32m  OK  [0m] Started Snappy daemon.
[[0;32m  OK  [0m] Started Authenticate and Authorize Users to Run Privileged Tasks.
[[0;32m  OK  [0m] Started Accounts Service.
[[0;32m  OK  [0m] Started LSB: Set the CPU Frequency Scaling governor to "ondemand".
         Starting Wait until snapd is fully seeded...
         Starting Hold until boot process finishes up...
         Starting Terminate Plymouth Boot Screen...
[[0;32m  OK  [0m] Started Hold until boot process finishes up.
[[0;32m  OK  [0m] Started LSB: automatic crash report generation.
[[0;32m  OK  [0m] Started LSB: daemon to balance interrupts for SMP systems.
[[0;32m  OK  [0m] Started Terminate Plymouth Boot Screen.
         Starting Set console scheme...
[[0;32m  OK  [0m] Started Getty on tty1.
[[0;32m  OK  [0m] Started Serial Getty on ttyS0.
[[0;32m  OK  [0m] Reached target Login Prompts.
[[0;32m  OK  [0m] Started Set console scheme.
[[0;32m  OK  [0m] Started Pollinate to seed the pseudo random number generator.
         Starting OpenBSD Secure Shell server...
[[0;32m  OK  [0m] Started OpenBSD Secure Shell server.
[[0;32m  OK  [0m] Created slice User Slice of vagrant.
         Starting User Manager for UID 1000...
[[0;32m  OK  [0m] Started Session 1 of user vagrant.
[[0;32m  OK  [0m] Started User Manager for UID 1000.

Ubuntu 16.04.5 LTS apache-kafka-2 ttyS0

apache-kafka-2 login: [   21.962257] cloud-init[1480]: Generating locales (this might take a while)...
[   22.523746] cloud-init[1480]:   en_US.UTF-8... done
[   22.525166] cloud-init[1480]: Generation complete.
[   22.760314] cloud-init[1480]: Cloud-init v. 18.4-0ubuntu1~16.04.2 running 'modules:config' at Wed, 02 Jan 2019 17:48:09 +0000. Up 21.89 seconds.
ci-info: no authorized ssh keys fingerprints found for user ubuntu.
<14>Jan  2 17:48:11 ec2: 
<14>Jan  2 17:48:11 ec2: #############################################################
<14>Jan  2 17:48:11 ec2: -----BEGIN SSH HOST KEY FINGERPRINTS-----
<14>Jan  2 17:48:11 ec2: 1024 SHA256:NVl+rgN9aN+2K2/3+MEcYl2VzwoHBegjs25VQ8+EOIQ root@ubuntu-xenial (DSA)
<14>Jan  2 17:48:11 ec2: 256 SHA256:+efj6XKsh4isVQ2xLCd7KDara9lP/EiMzZHFxLc5qjI root@ubuntu-xenial (ECDSA)
<14>Jan  2 17:48:11 ec2: 256 SHA256:YmcRGw3cihoXnbbUeIktzMVgz08Us+HWntd9ECJJy0I root@ubuntu-xenial (ED25519)
<14>Jan  2 17:48:11 ec2: 2048 SHA256:C4+aLcH3V7xehJrJxWptIk1eKESu1f9IeDN7p4yTSTQ root@ubuntu-xenial (RSA)
<14>Jan  2 17:48:11 ec2: -----END SSH HOST KEY FINGERPRINTS-----
<14>Jan  2 17:48:11 ec2: #############################################################
-----BEGIN SSH HOST KEY KEYS-----
ecdsa-sha2-nistp256 AAAAE2VjZHNhLXNoYTItbmlzdHAyNTYAAAAIbmlzdHAyNTYAAABBBAsQiHMtpReYNfwnCUl3O5hMUG2px+0iadeu/X6cISFDrchprkK5GcQHyoOZ+VqX2HdADI13vlCJdmuUWfxXD70= root@ubuntu-xenial
ssh-ed25519 AAAAC3NzaC1lZDI1NTE5AAAAIPp0AViT+FgkYnRhu61mh2PMIVspc27S60aFDQYNcz7+ root@ubuntu-xenial
ssh-rsa AAAAB3NzaC1yc2EAAAADAQABAAABAQDsVb5/BN+Ml5HB5rOtDzsHNXYh4CMcj2HYPXEslgca2fjElJfLHphFc2JF49Il6F3g/8Tag6cZFDs6OWHQVUSlh0CWg7akGQRD92Z5p3JhxzZ9zs0FUlWx2it9m14NqwAl4Q7Onupp5DDNJvLXsDIypyR/AwU6iROPJfY0rrCiE/77r0aZ4xumdOXoTrKrq1fJjdt/x+MCXMO7X6aFAvhG/x+DDaEJM203IvQFWlixYkOpDs+f2PkHwBf9qWhl/K1y7ZHzppcB2Wm6CzZ5GhoVVwSu/OAWAna/GZPqDizzZLMlZQalakuJ0gEUf76yGfe6DPwhqAd8F7+TL0OqStEB root@ubuntu-xenial
-----END SSH HOST KEY KEYS-----
[   23.208211] cloud-init[1566]: Cloud-init v. 18.4-0ubuntu1~16.04.2 running 'modules:final' at Wed, 02 Jan 2019 17:48:11 +0000. Up 23.10 seconds.
[   23.208398] cloud-init[1566]: ci-info: no authorized ssh keys fingerprints found for user ubuntu.
[   23.208492] cloud-init[1566]: Cloud-init v. 18.4-0ubuntu1~16.04.2 finished at Wed, 02 Jan 2019 17:48:11 +0000. Datasource DataSourceNoCloud [seed=/dev/sdb][dsmode=net].  Up 23.20 seconds
